<?xml version="1.0" encoding="UTF-8"?><testsuite failures="1" name="cucumber.runtime.formatter.JUnitFormatter" skipped="0" tests="3" time="16.259054">
<testcase classname="Introduction to cucumber part 3" name="Check Age page functionality with multiple examples" time="5.832385">
<failure message="org.junit.ComparisonFailure: expected:&lt;...lo, Egils, you are a[] adult&gt; but was:&lt;...lo, Egils, you are a[n] adult&gt;&#13;&#10;&#9;at org.junit.Assert.assertEquals(Assert.java:115)&#13;&#10;&#9;at org.junit.Assert.assertEquals(Assert.java:144)&#13;&#10;&#9;at stepDefinitions.SampleSteps.user_receives_Hello_message(SampleSteps.java:125)&#13;&#10;&#9;at ✽.Then User receives Hello message : &quot;Hello, Egils, you are a adult&quot;(src/test/resources/features/Sample3.feature:10)&#13;&#10;"><![CDATA[Given User navigates to Age page............................................passed
When User enters name : "Egils".............................................passed
And User enters age : "27"..................................................passed
And User clicks on Submit button............................................passed
Then User receives Hello message : "Hello, Egils, you are a adult"..........failed

StackTrace:
org.junit.ComparisonFailure: expected:<...lo, Egils, you are a[] adult> but was:<...lo, Egils, you are a[n] adult>
	at org.junit.Assert.assertEquals(Assert.java:115)
	at org.junit.Assert.assertEquals(Assert.java:144)
	at stepDefinitions.SampleSteps.user_receives_Hello_message(SampleSteps.java:125)
	at ✽.Then User receives Hello message : "Hello, Egils, you are a adult"(src/test/resources/features/Sample3.feature:10)
]]></failure>
</testcase>
<testcase classname="Introduction to cucumber part 3" name="Check Age page functionality with multiple examples 2" time="5.235617">
<system-out><![CDATA[Given User navigates to Age page............................................passed
When User enters name : "Egils".............................................passed
And User enters age : "7"...................................................passed
And User clicks on Submit button............................................passed
Then User receives Hello message : "Hello, Egils, you are a kid"............passed
]]></system-out>
</testcase>
<testcase classname="Introduction to cucumber part 3" name="Check Age page functionality with multiple examples 3" time="5.191052">
<system-out><![CDATA[Given User navigates to Age page............................................passed
When User enters name : "Egils".............................................passed
And User enters age : "17"..................................................passed
And User clicks on Submit button............................................passed
Then User receives Hello message : "Hello, Egils, you are a teenager".......passed
]]></system-out>
</testcase>
</testsuite>
