<?xml version="1.0" encoding="UTF-8"?><testsuite failures="0" name="cucumber.runtime.formatter.JUnitFormatter" skipped="0" tests="2" time="10.75936">
<testcase classname="Introduction to cucumber part 2" name="a new scenario 1 with regex" time="5.491936">
<system-out><![CDATA[Given I am on age page using PO.............................................passed
When I enter name: "Ann" using PO...........................................passed
And I enter age: 5 using PO.................................................passed
And I click submit age using PO.............................................passed
Then I see message: "Hello, Ann, you are a kid" using PO....................passed
]]></system-out>
</testcase>
<testcase classname="Introduction to cucumber part 2" name="a new scenario 2 with regex" time="5.267424">
<system-out><![CDATA[Given I am on age page using PO.............................................passed
When I enter name: "Bob" using PO...........................................passed
And I enter age: 61 using PO................................................passed
And I click submit age using PO.............................................passed
Then I see message: "Hello, Bob, you are an adult" using PO.................passed
]]></system-out>
</testcase>
</testsuite>
