<?xml version="1.0" encoding="UTF-8"?><testsuite failures="0" name="cucumber.runtime.formatter.JUnitFormatter" skipped="0" tests="3" time="15.732472">
<testcase classname="Data Table Examples" name="a new scenario with 1-row table" time="5.533544">
<system-out><![CDATA[Given I am on action page...................................................passed
When I clicked on checkboxes:...............................................passed
And I click the result checkbox button......................................passed
Then message for checkboxes "You selected value(s): Option 1, Option 3" is seen.passed
]]></system-out>
</testcase>
<testcase classname="Data Table Examples" name="a new scenario with 1-row table" time="5.074464">
<system-out><![CDATA[Given I am on action page...................................................passed
When I clicked on checkboxes:...............................................passed
And I click the result checkbox button......................................passed
Then message for checkboxes "You selected value(s): Option 2" is seen.......passed
]]></system-out>
</testcase>
<testcase classname="Data Table Examples" name="a new scenario with 1-row table" time="5.124464">
<system-out><![CDATA[Given I am on action page...................................................passed
When I clicked on checkboxes:...............................................passed
And I click the result checkbox button......................................passed
Then message for checkboxes "You selected value(s): Option 1, Option 2, Option 3" is seen.passed
]]></system-out>
</testcase>
</testsuite>
