<?xml version="1.0" encoding="UTF-8"?><testsuite failures="0" name="cucumber.runtime.formatter.JUnitFormatter" skipped="0" tests="3" time="17.297795">
<testcase classname="Introduction to cucumber part 3" name="NumbersTooSmall" time="6.100582">
<system-out><![CDATA[Given User navigate to Number page..........................................passed
When User enter number: 5...................................................passed
And click on Submit Button..................................................passed
Then appear message : "Number is too small".................................passed
]]></system-out>
</testcase>
<testcase classname="Introduction to cucumber part 3" name="NumbersTooBig" time="5.331905">
<system-out><![CDATA[Given User navigate to Number page..........................................passed
When User enter number: 101.................................................passed
And click on Submit Button..................................................passed
Then appear message : "Number is too big"...................................passed
]]></system-out>
</testcase>
<testcase classname="Introduction to cucumber part 3" name="NumbersCorrect" time="5.865308">
<system-out><![CDATA[Given User navigate to Number page..........................................passed
When User enter number: 81..................................................passed
And click on Submit Button..................................................passed
Then appear text : "Square root of 81 is 9.00"..............................passed
]]></system-out>
</testcase>
</testsuite>
