<?xml version="1.0" encoding="UTF-8"?><testsuite failures="0" name="cucumber.runtime.formatter.JUnitFormatter" skipped="0" tests="2" time="15.242344">
<testcase classname="Using Examples" name="checking Age functionality using examples" time="7.990674">
<system-out><![CDATA[Given User navigates to Age Page............................................passed
When User enter name : "Nancy"..............................................passed
And User enter age : "26"...................................................passed
And Click on Submit button..................................................passed
Then User see message : "Hello, Nancy, you are an adult"....................passed
]]></system-out>
</testcase>
<testcase classname="Using Examples" name="checking Age functionality using examples 2" time="7.25167">
<system-out><![CDATA[Given User navigates to Age Page............................................passed
When User enter name : "Robin"..............................................passed
And User enter age : "5"....................................................passed
And Click on Submit button..................................................passed
Then User see message : "Hello, Robin, you are a kid".......................passed
]]></system-out>
</testcase>
</testsuite>
