<?xml version="1.0" encoding="UTF-8"?><testsuite failures="0" name="cucumber.runtime.formatter.JUnitFormatter" skipped="0" tests="4" time="21.186388">
<testcase classname="Two Column Data Table" name="Check Age page functionality for Kid" time="5.678418">
<system-out><![CDATA[Given User navigates to Age Page............................................passed
When User enter details.....................................................passed
And Click on Submit button..................................................passed
Then User see message : "Hello, ABC, you are an adult"......................passed
]]></system-out>
</testcase>
<testcase classname="Two Column Data Table" name="Check Age page functionality for Kid 2" time="5.206145">
<system-out><![CDATA[Given User navigates to Age Page............................................passed
When User enter details.....................................................passed
And Click on Submit button..................................................passed
Then User see message : "Hello, Ann, you are a kid".........................passed
]]></system-out>
</testcase>
<testcase classname="Two Column Data Table" name="Check Age page functionality for Kid 3" time="5.161149">
<system-out><![CDATA[Given User navigates to Age Page............................................passed
When User enter details.....................................................passed
And Click on Submit button..................................................passed
Then User see message : "Hello, Robin, you are a teenager"..................passed
]]></system-out>
</testcase>
<testcase classname="Two Column Data Table" name="Check Age page functionality for Kid 4" time="5.140676">
<system-out><![CDATA[Given User navigates to Age Page............................................passed
When User enter details.....................................................passed
And Click on Submit button..................................................passed
Then User see message : "Hello, Sam, you are a kid".........................passed
]]></system-out>
</testcase>
</testsuite>
